{
  "RSpec": {
    "coverage": {
      "/Users/rubenthuesen/Sites/rails/we-deliver/app/models/user.rb": [
        1,
        null,
        null,
        1,
        null,
        1,
        null,
        1,
        1,
        1,
        1,
        null,
        1,
        1,
        1,
        1,
        null,
        1,
        null,
        1,
        13,
        null,
        null,
        1,
        26,
        null,
        null,
        1,
        null,
        1,
        8,
        8,
        null,
        null
      ],
      "/Users/rubenthuesen/Sites/rails/we-deliver/app/models/application_record.rb": [
        1,
        1,
        null
      ],
      "/Users/rubenthuesen/Sites/rails/we-deliver/app/helpers/application_helper.rb": [
        1,
        null
      ],
      "/Users/rubenthuesen/Sites/rails/we-deliver/app/helpers/messages_helper.rb": [
        1,
        null
      ],
      "/Users/rubenthuesen/Sites/rails/we-deliver/app/helpers/product_helper.rb": [
        1,
        null
      ],
      "/Users/rubenthuesen/Sites/rails/we-deliver/app/models/room.rb": [
        1,
        1,
        1,
        null
      ],
      "/Users/rubenthuesen/Sites/rails/we-deliver/app/controllers/room_controller.rb": [
        1,
        null,
        1,
        null,
        null,
        null,
        1,
        null,
        null,
        1,
        null,
        null,
        1,
        5,
        5,
        5,
        null,
        5,
        0,
        0,
        0,
        0,
        null,
        null,
        null,
        null,
        null,
        1,
        null,
        1,
        5,
        5,
        null,
        0,
        null,
        null,
        5,
        null,
        null,
        1,
        0,
        null,
        null
      ],
      "/Users/rubenthuesen/Sites/rails/we-deliver/app/controllers/application_controller.rb": [
        1,
        1,
        null,
        1,
        1,
        1,
        1,
        1,
        null,
        1,
        5,
        null,
        null,
        null,
        1,
        18,
        16,
        null,
        2,
        null,
        null,
        null,
        null,
        1,
        0,
        null,
        null,
        1,
        null,
        1,
        null,
        null,
        null,
        null,
        1,
        0,
        null,
        null,
        1,
        3,
        null,
        null,
        null,
        null,
        null,
        1,
        null,
        null,
        1,
        12,
        null,
        1,
        null,
        1,
        12,
        null,
        12,
        12,
        null,
        null,
        null
      ],
      "/Users/rubenthuesen/Sites/rails/we-deliver/app/models/shopping_cart.rb": [
        1,
        null,
        1,
        null,
        1,
        12,
        12,
        null,
        null,
        1,
        null,
        6,
        null,
        2,
        6,
        null,
        null,
        0,
        0,
        null,
        null,
        null,
        null,
        1,
        0,
        0,
        0,
        0,
        null,
        0,
        0,
        0,
        null,
        null,
        null,
        1,
        0,
        0,
        0,
        null,
        null,
        null,
        1,
        6,
        null,
        null,
        1,
        null,
        1,
        0,
        0,
        null,
        null
      ],
      "/Users/rubenthuesen/Sites/rails/we-deliver/app/models/message.rb": [
        1,
        1,
        1,
        null
      ],
      "/Users/rubenthuesen/Sites/rails/we-deliver/app/models/order.rb": [
        1,
        1,
        1,
        1,
        null,
        1,
        null,
        null,
        null,
        null
      ],
      "/Users/rubenthuesen/Sites/rails/we-deliver/app/models/order_item.rb": [
        1,
        1,
        1,
        null
      ],
      "/Users/rubenthuesen/Sites/rails/we-deliver/app/controllers/messages_controller.rb": [
        1,
        1,
        null,
        1,
        2,
        2,
        null,
        2,
        2,
        null,
        null,
        null,
        1,
        null,
        1,
        2,
        null,
        null
      ],
      "/Users/rubenthuesen/Sites/rails/we-deliver/app/controllers/products_controller.rb": [
        1,
        1,
        1,
        1,
        null,
        1,
        2,
        null,
        null,
        1,
        0,
        0,
        null,
        null,
        1,
        null,
        0,
        0,
        0,
        0,
        0,
        null,
        0,
        0,
        0,
        0,
        0,
        null,
        null,
        null,
        1,
        null,
        null,
        null,
        1,
        0,
        0,
        null,
        0,
        null,
        0,
        0,
        0,
        0,
        null,
        null,
        null,
        0,
        0,
        0,
        0,
        null,
        null,
        null,
        0,
        0,
        null,
        null,
        null,
        0,
        0,
        null,
        0,
        0,
        null,
        null,
        null,
        1,
        0,
        null,
        0,
        0,
        0,
        null,
        null,
        null,
        1,
        0,
        0,
        0,
        null,
        0,
        0,
        null,
        null,
        null,
        1,
        1,
        0,
        0,
        null,
        null,
        1,
        1,
        null,
        0,
        null,
        null,
        1,
        0,
        null,
        null,
        null
      ],
      "/Users/rubenthuesen/Sites/rails/we-deliver/app/models/product.rb": [
        1,
        1,
        1,
        1,
        1,
        null,
        3,
        null,
        1,
        1,
        1,
        1,
        null,
        null
      ],
      "/Users/rubenthuesen/Sites/rails/we-deliver/app/mailers/application_mailer.rb": [
        0,
        0,
        0,
        0
      ],
      "/Users/rubenthuesen/Sites/rails/we-deliver/app/models/brand.rb": [
        0,
        0,
        0
      ],
      "/Users/rubenthuesen/Sites/rails/we-deliver/app/models/category.rb": [
        0,
        0,
        null,
        0,
        0
      ],
      "/Users/rubenthuesen/Sites/rails/we-deliver/app/models/categories_product.rb": [
        0,
        0,
        0,
        null,
        0,
        0,
        0
      ],
      "/Users/rubenthuesen/Sites/rails/we-deliver/app/jobs/application_job.rb": [
        0,
        0
      ],
      "/Users/rubenthuesen/Sites/rails/we-deliver/app/controllers/orders_controller.rb": [
        0,
        null,
        0,
        0,
        0,
        0,
        0,
        0,
        null,
        null,
        0,
        null,
        0,
        0,
        null,
        0,
        0,
        0,
        0,
        0,
        0,
        0,
        0,
        0,
        0,
        null,
        0,
        0,
        0,
        0,
        null,
        0,
        0,
        0,
        0,
        0,
        null,
        0,
        0,
        0,
        null,
        0,
        null,
        0,
        0,
        0,
        0,
        0
      ],
      "/Users/rubenthuesen/Sites/rails/we-deliver/app/controllers/users/omniauth_callbacks_controller.rb": [
        null,
        null,
        0,
        null,
        null,
        null,
        null,
        null,
        null,
        null,
        null,
        null,
        null,
        null,
        null,
        null,
        null,
        null,
        null,
        null,
        null,
        null,
        null,
        null,
        null,
        null,
        null,
        null,
        null,
        0
      ],
      "/Users/rubenthuesen/Sites/rails/we-deliver/app/controllers/users/passwords_controller.rb": [
        null,
        null,
        0,
        null,
        null,
        null,
        null,
        null,
        null,
        null,
        null,
        null,
        null,
        null,
        null,
        null,
        null,
        null,
        null,
        null,
        null,
        null,
        null,
        null,
        null,
        null,
        null,
        null,
        null,
        null,
        null,
        null,
        null,
        0
      ],
      "/Users/rubenthuesen/Sites/rails/we-deliver/app/controllers/users/sessions_controller.rb": [
        null,
        null,
        0,
        null,
        null,
        null,
        null,
        null,
        null,
        null,
        null,
        null,
        null,
        null,
        null,
        null,
        null,
        null,
        null,
        null,
        null,
        null,
        null,
        null,
        null,
        null,
        0
      ],
      "/Users/rubenthuesen/Sites/rails/we-deliver/app/controllers/users/unlocks_controller.rb": [
        null,
        null,
        0,
        null,
        null,
        null,
        null,
        null,
        null,
        null,
        null,
        null,
        null,
        null,
        null,
        null,
        null,
        null,
        null,
        null,
        null,
        null,
        null,
        null,
        null,
        null,
        null,
        null,
        null,
        0
      ],
      "/Users/rubenthuesen/Sites/rails/we-deliver/app/controllers/users/confirmations_controller.rb": [
        null,
        null,
        0,
        null,
        null,
        null,
        null,
        null,
        null,
        null,
        null,
        null,
        null,
        null,
        null,
        null,
        null,
        null,
        null,
        null,
        null,
        null,
        null,
        null,
        null,
        null,
        null,
        null,
        null,
        0
      ],
      "/Users/rubenthuesen/Sites/rails/we-deliver/app/controllers/users/registrations_controller.rb": [
        null,
        null,
        0,
        0,
        null,
        null,
        null,
        null,
        null,
        null,
        null,
        null,
        0,
        0,
        0,
        null,
        null,
        null,
        null,
        null,
        null,
        null,
        null,
        null,
        null,
        null,
        null,
        null,
        null,
        null,
        null,
        null,
        null,
        null,
        null,
        null,
        null,
        null,
        null,
        null,
        0,
        null,
        0,
        0,
        0,
        null,
        null,
        null,
        null,
        null,
        null,
        null,
        null,
        null,
        null,
        null,
        null,
        null,
        null,
        null,
        null,
        null,
        null,
        0
      ],
      "/Users/rubenthuesen/Sites/rails/we-deliver/app/controllers/order_items_controller.rb": [
        0,
        0,
        null,
        0,
        0,
        0,
        null,
        0,
        null,
        0,
        0,
        0,
        0,
        null,
        0,
        0,
        null,
        null,
        0,
        0,
        0,
        0,
        null,
        null,
        0,
        0,
        0,
        0,
        0
      ],
      "/Users/rubenthuesen/Sites/rails/we-deliver/app/channels/application_cable/connection.rb": [
        0,
        0,
        0,
        0
      ],
      "/Users/rubenthuesen/Sites/rails/we-deliver/app/channels/application_cable/channel.rb": [
        0,
        0,
        0,
        0
      ]
    },
    "timestamp": 1519730072
  }
}
