{
  "RSpec": {
    "coverage": {
      "/Users/rubenthuesen/Sites/rails/weDeliver/app/models/user.rb": [
        1,
        null,
        null,
        1,
        null,
        1,
        null,
        1,
        1,
        1,
        1,
        null,
        1,
        1,
        null,
        1,
        77,
        null,
        null,
        1,
        154,
        null,
        null
      ],
      "/Users/rubenthuesen/Sites/rails/weDeliver/app/models/application_record.rb": [
        1,
        1,
        null
      ],
      "/Users/rubenthuesen/Sites/rails/weDeliver/app/helpers/application_helper.rb": [
        1,
        null
      ],
      "/Users/rubenthuesen/Sites/rails/weDeliver/app/helpers/product_helper.rb": [
        1,
        null
      ],
      "/Users/rubenthuesen/Sites/rails/weDeliver/app/models/brand.rb": [
        1,
        1,
        null
      ],
      "/Users/rubenthuesen/Sites/rails/weDeliver/app/models/categories_product.rb": [
        1,
        1,
        1,
        null,
        1,
        1,
        null
      ],
      "/Users/rubenthuesen/Sites/rails/weDeliver/app/models/category.rb": [
        1,
        1,
        null,
        1,
        null
      ],
      "/Users/rubenthuesen/Sites/rails/weDeliver/app/models/product.rb": [
        1,
        1,
        1,
        1,
        1,
        null,
        119,
        null,
        1,
        1,
        1,
        1,
        null,
        null
      ],
      "/Users/rubenthuesen/Sites/rails/weDeliver/app/controllers/products_controller.rb": [
        1,
        1,
        1,
        1,
        null,
        1,
        28,
        null,
        null,
        1,
        3,
        3,
        null,
        null,
        1,
        null,
        2,
        2,
        2,
        1,
        1,
        null,
        0,
        0,
        1,
        1,
        1,
        null,
        null,
        null,
        1,
        null,
        null,
        null,
        1,
        2,
        2,
        null,
        2,
        null,
        1,
        1,
        1,
        1,
        null,
        null,
        null,
        1,
        1,
        1,
        1,
        null,
        null,
        null,
        0,
        0,
        null,
        null,
        null,
        0,
        0,
        null,
        1,
        1,
        null,
        null,
        null,
        1,
        10,
        null,
        10,
        10,
        8,
        null,
        null,
        null,
        1,
        1,
        1,
        1,
        null,
        0,
        0,
        null,
        null,
        null,
        1,
        1,
        3,
        3,
        null,
        null,
        1,
        1,
        null,
        4,
        null,
        null,
        1,
        17,
        null,
        null,
        null
      ],
      "/Users/rubenthuesen/Sites/rails/weDeliver/app/controllers/application_controller.rb": [
        1,
        1,
        null,
        1,
        1,
        1,
        1,
        1,
        null,
        1,
        151,
        130,
        null,
        21,
        null,
        null,
        null,
        null,
        1,
        10,
        null,
        null,
        1,
        null,
        1,
        null,
        null,
        null,
        null,
        1,
        11,
        null,
        null,
        1,
        9,
        null,
        null,
        null,
        null,
        null,
        1,
        null,
        1,
        80,
        null,
        80,
        80,
        null,
        null,
        null
      ],
      "/Users/rubenthuesen/Sites/rails/weDeliver/app/models/shopping_cart.rb": [
        1,
        null,
        1,
        null,
        1,
        80,
        80,
        null,
        null,
        1,
        null,
        86,
        null,
        22,
        86,
        null,
        null,
        0,
        0,
        null,
        null,
        null,
        null,
        1,
        5,
        5,
        5,
        5,
        5,
        null,
        5,
        5,
        5,
        null,
        null,
        null,
        1,
        0,
        0,
        0,
        null,
        null,
        null,
        1,
        46,
        null,
        null,
        1,
        null,
        1,
        5,
        5,
        null,
        null
      ],
      "/Users/rubenthuesen/Sites/rails/weDeliver/app/models/order.rb": [
        1,
        1,
        1,
        1,
        null,
        1,
        null,
        null,
        null,
        null
      ],
      "/Users/rubenthuesen/Sites/rails/weDeliver/app/models/order_item.rb": [
        1,
        1,
        1,
        null
      ],
      "/Users/rubenthuesen/Sites/rails/weDeliver/app/controllers/order_items_controller.rb": [
        1,
        1,
        null,
        5,
        5,
        null,
        null,
        1,
        5,
        null,
        null,
        null,
        null,
        5,
        null,
        null,
        null,
        1,
        0,
        0,
        null,
        null
      ],
      "/Users/rubenthuesen/Sites/rails/weDeliver/app/controllers/orders_controller.rb": [
        1,
        null,
        1,
        3,
        3,
        3,
        3,
        null,
        null,
        null,
        null,
        null,
        1,
        2,
        null,
        2,
        2,
        null,
        2,
        2,
        null,
        2,
        0,
        0,
        null,
        null,
        2,
        null,
        null,
        2,
        null,
        2,
        null,
        0,
        null,
        null,
        null,
        1,
        2,
        null,
        null,
        1,
        null,
        1,
        null,
        2,
        null,
        null
      ],
      "/Users/rubenthuesen/Sites/rails/weDeliver/app/mailers/application_mailer.rb": [
        0,
        0,
        0,
        0
      ],
      "/Users/rubenthuesen/Sites/rails/weDeliver/app/jobs/application_job.rb": [
        0,
        0
      ],
      "/Users/rubenthuesen/Sites/rails/weDeliver/app/controllers/users/omniauth_callbacks_controller.rb": [
        null,
        null,
        0,
        null,
        null,
        null,
        null,
        null,
        null,
        null,
        null,
        null,
        null,
        null,
        null,
        null,
        null,
        null,
        null,
        null,
        null,
        null,
        null,
        null,
        null,
        null,
        null,
        null,
        null,
        0
      ],
      "/Users/rubenthuesen/Sites/rails/weDeliver/app/controllers/users/passwords_controller.rb": [
        null,
        null,
        0,
        null,
        null,
        null,
        null,
        null,
        null,
        null,
        null,
        null,
        null,
        null,
        null,
        null,
        null,
        null,
        null,
        null,
        null,
        null,
        null,
        null,
        null,
        null,
        null,
        null,
        null,
        null,
        null,
        null,
        null,
        0
      ],
      "/Users/rubenthuesen/Sites/rails/weDeliver/app/controllers/users/sessions_controller.rb": [
        null,
        null,
        0,
        null,
        null,
        null,
        null,
        null,
        null,
        null,
        null,
        null,
        null,
        null,
        null,
        null,
        null,
        null,
        null,
        null,
        null,
        null,
        null,
        null,
        null,
        null,
        0
      ],
      "/Users/rubenthuesen/Sites/rails/weDeliver/app/controllers/users/unlocks_controller.rb": [
        null,
        null,
        0,
        null,
        null,
        null,
        null,
        null,
        null,
        null,
        null,
        null,
        null,
        null,
        null,
        null,
        null,
        null,
        null,
        null,
        null,
        null,
        null,
        null,
        null,
        null,
        null,
        null,
        null,
        0
      ],
      "/Users/rubenthuesen/Sites/rails/weDeliver/app/controllers/users/confirmations_controller.rb": [
        null,
        null,
        0,
        null,
        null,
        null,
        null,
        null,
        null,
        null,
        null,
        null,
        null,
        null,
        null,
        null,
        null,
        null,
        null,
        null,
        null,
        null,
        null,
        null,
        null,
        null,
        null,
        null,
        null,
        0
      ],
      "/Users/rubenthuesen/Sites/rails/weDeliver/app/controllers/users/registrations_controller.rb": [
        null,
        null,
        0,
        0,
        null,
        null,
        null,
        null,
        null,
        null,
        null,
        null,
        0,
        0,
        0,
        null,
        null,
        null,
        null,
        null,
        null,
        null,
        null,
        null,
        null,
        null,
        null,
        null,
        null,
        null,
        null,
        null,
        null,
        null,
        null,
        null,
        null,
        null,
        null,
        null,
        0,
        null,
        0,
        0,
        0,
        null,
        null,
        null,
        null,
        null,
        null,
        null,
        null,
        null,
        null,
        null,
        null,
        null,
        null,
        null,
        null,
        null,
        null,
        0
      ],
      "/Users/rubenthuesen/Sites/rails/weDeliver/app/channels/application_cable/connection.rb": [
        0,
        0,
        0,
        0
      ],
      "/Users/rubenthuesen/Sites/rails/weDeliver/app/channels/application_cable/channel.rb": [
        0,
        0,
        0,
        0
      ]
    },
    "timestamp": 1518984696
  }
}
